<?xml version="1.0" encoding="UTF-8"?>
<testng-results ignored="0" total="1" passed="1" failed="0" skipped="0">
  <reporter-output>
  </reporter-output>
  <suite started-at="2022-06-25T20:58:53 IST" name="Default suite" finished-at="2022-06-25T20:59:46 IST" duration-ms="53265">
    <groups>
    </groups>
    <test started-at="2022-06-25T20:58:53 IST" name="Default test" finished-at="2022-06-25T20:59:46 IST" duration-ms="53265">
      <class name="Test.test1">
        <test-method is-config="true" signature="open()[pri:0, instance:Test.test1@3e694b3f]" started-at="2022-06-25T20:58:53 IST" name="open" finished-at="2022-06-25T20:59:30 IST" duration-ms="37186" status="PASS">
          <reporter-output>
          </reporter-output>
        </test-method> <!-- open -->
        <test-method signature="T1()[pri:2, instance:Test.test1@3e694b3f]" started-at="2022-06-25T20:59:30 IST" name="T1" finished-at="2022-06-25T20:59:45 IST" duration-ms="15354" status="PASS">
          <reporter-output>
          </reporter-output>
        </test-method> <!-- T1 -->
        <test-method is-config="true" signature="cls()[pri:0, instance:Test.test1@3e694b3f]" started-at="2022-06-25T20:59:45 IST" name="cls" finished-at="2022-06-25T20:59:46 IST" duration-ms="593" status="PASS">
          <reporter-output>
          </reporter-output>
        </test-method> <!-- cls -->
      </class> <!-- Test.test1 -->
    </test> <!-- Default test -->
  </suite> <!-- Default suite -->
</testng-results>
